FILE_TYPE=LIBRARY_PARTS;
PRIMITIVE 'EGJ1210AAG2R','EGJ1210AAG2R_Other';
  PIN
    'COM':
      PIN_NUMBER='(1)';
      NO_LOAD_CHECK=BOTH;
      NO_IO_CHECK=BOTH;
      ALLOW_CONNECT=TRUE;
      PINUSE='UNSPEC';
    'NO':
      PIN_NUMBER='(2)';
      NO_LOAD_CHECK=BOTH;
      NO_IO_CHECK=BOTH;
      ALLOW_CONNECT=TRUE;
      PINUSE='UNSPEC';
    'NC':
      PIN_NUMBER='(3)';
      NO_LOAD_CHECK=BOTH;
      NO_IO_CHECK=BOTH;
      ALLOW_CONNECT=TRUE;
      PINUSE='NC';
  END_PIN;
  BODY
    PART_NAME='EGJ1210AAG2R';
    PHYS_DES_PREFIX='S';
    NO_LOAD_CHECK='TRUE';
    PIN_COUNT='3';
    BODY_NAME='EGJ1210AAG2R';
    JEDEC_TYPE='EGJ1210AAG2R';
  END_BODY;
END_PRIMITIVE;
END.
